<?xml version='1.0' encoding='UTF-8'?>
<testsuite hostname="da-house.local" name="RoutesSpec" tests="2" errors="0" failures="2" skipped="0" time="0.253">
                     <properties>
[...]
</properties>
                     <testcase classname="RoutesSpec" name="Server Routes should return a greeting for GET request to the root events path" time="0.251">
                                                 <failure message="Request was rejected" type="org.scalatest.exceptions.TestFailedException">org.scalatest.exceptions.TestFailedException: Request was rejected
	at akka.http.scaladsl.testkit.TestFrameworkInterface$Scalatest$class.failTest(TestFrameworkInterface.scala:24)
	at RoutesSpec.failTest(RoutesSpec.scala:9)
	at akka.http.scaladsl.testkit.RouteTestResultComponent$RouteTestResult.rawResponse(RouteTestResultComponent.scala:55)
	at akka.http.scaladsl.testkit.RouteTestResultComponent$RouteTestResult.response(RouteTestResultComponent.scala:39)
	at akka.http.scaladsl.testkit.RouteTest$class.response(RouteTest.scala:62)
	at RoutesSpec.response(RoutesSpec.scala:9)
	at akka.http.scaladsl.testkit.RouteTest$class.status(RouteTest.scala:80)
	at RoutesSpec.status(RoutesSpec.scala:9)
	at RoutesSpec$$anonfun$1$$anonfun$apply$mcV$sp$1$$anonfun$apply$1.apply(RoutesSpec.scala:17)
	at RoutesSpec$$anonfun$1$$anonfun$apply$mcV$sp$1$$anonfun$apply$1.apply(RoutesSpec.scala:16)
	at scala.util.DynamicVariable.withValue(DynamicVariable.scala:58)
	at akka.http.scaladsl.testkit.RouteTest$$anonfun$check$1.apply(RouteTest.scala:57)
	at akka.http.scaladsl.testkit.RouteTest$$anonfun$check$1.apply(RouteTest.scala:57)
	at akka.http.scaladsl.testkit.RouteTestResultComponent$RouteTestResult.$tilde$greater(RouteTestResultComponent.scala:50)
	at RoutesSpec$$anonfun$1$$anonfun$apply$mcV$sp$1.apply(RoutesSpec.scala:16)
	at RoutesSpec$$anonfun$1$$anonfun$apply$mcV$sp$1.apply(RoutesSpec.scala:16)
	at org.scalatest.OutcomeOf$class.outcomeOf(OutcomeOf.scala:85)
	at org.scalatest.OutcomeOf$.outcomeOf(OutcomeOf.scala:104)
	at org.scalatest.Transformer.apply(Transformer.scala:22)
	at org.scalatest.Transformer.apply(Transformer.scala:20)
	at org.scalatest.WordSpecLike$$anon$1.apply(WordSpecLike.scala:1078)
	at org.scalatest.TestSuite$class.withFixture(TestSuite.scala:196)
	at org.scalatest.WordSpec.withFixture(WordSpec.scala:1881)
	at org.scalatest.WordSpecLike$class.invokeWithFixture$1(WordSpecLike.scala:1075)
	at org.scalatest.WordSpecLike$$anonfun$runTest$1.apply(WordSpecLike.scala:1088)
	at org.scalatest.WordSpecLike$$anonfun$runTest$1.apply(WordSpecLike.scala:1088)
	at org.scalatest.SuperEngine.runTestImpl(Engine.scala:289)
	at org.scalatest.WordSpecLike$class.runTest(WordSpecLike.scala:1088)
	at org.scalatest.WordSpec.runTest(WordSpec.scala:1881)
	at org.scalatest.WordSpecLike$$anonfun$runTests$1.apply(WordSpecLike.scala:1147)
	at org.scalatest.WordSpecLike$$anonfun$runTests$1.apply(WordSpecLike.scala:1147)
	at org.scalatest.SuperEngine$$anonfun$traverseSubNodes$1$1.apply(Engine.scala:396)
	at org.scalatest.SuperEngine$$anonfun$traverseSubNodes$1$1.apply(Engine.scala:384)
	at scala.collection.immutable.List.foreach(List.scala:381)
	at org.scalatest.SuperEngine.traverseSubNodes$1(Engine.scala:384)
	at org.scalatest.SuperEngine.org$scalatest$SuperEngine$$runTestsInBranch(Engine.scala:373)
	at org.scalatest.SuperEngine$$anonfun$traverseSubNodes$1$1.apply(Engine.scala:410)
	at org.scalatest.SuperEngine$$anonfun$traverseSubNodes$1$1.apply(Engine.scala:384)
	at scala.collection.immutable.List.foreach(List.scala:381)
	at org.scalatest.SuperEngine.traverseSubNodes$1(Engine.scala:384)
	at org.scalatest.SuperEngine.org$scalatest$SuperEngine$$runTestsInBranch(Engine.scala:379)
	at org.scalatest.SuperEngine.runTestsImpl(Engine.scala:461)
	at org.scalatest.WordSpecLike$class.runTests(WordSpecLike.scala:1147)
	at org.scalatest.WordSpec.runTests(WordSpec.scala:1881)
	at org.scalatest.Suite$class.run(Suite.scala:1147)
	at org.scalatest.WordSpec.org$scalatest$WordSpecLike$$super$run(WordSpec.scala:1881)
	at org.scalatest.WordSpecLike$$anonfun$run$1.apply(WordSpecLike.scala:1192)
	at org.scalatest.WordSpecLike$$anonfun$run$1.apply(WordSpecLike.scala:1192)
	at org.scalatest.SuperEngine.runImpl(Engine.scala:521)
	at org.scalatest.WordSpecLike$class.run(WordSpecLike.scala:1192)
	at RoutesSpec.org$scalatest$BeforeAndAfterAll$$super$run(RoutesSpec.scala:9)
	at org.scalatest.BeforeAndAfterAll$class.liftedTree1$1(BeforeAndAfterAll.scala:213)
	at org.scalatest.BeforeAndAfterAll$class.run(BeforeAndAfterAll.scala:210)
	at RoutesSpec.run(RoutesSpec.scala:9)
	at org.scalatest.tools.Framework.org$scalatest$tools$Framework$$runSuite(Framework.scala:314)
	at org.scalatest.tools.Framework$ScalaTestTask.execute(Framework.scala:472)
	at sbt.TestRunner.runTest$1(TestFramework.scala:76)
	at sbt.TestRunner.run(TestFramework.scala:85)
	at sbt.TestFramework$$anon$2$$anonfun$$init$$1$$anonfun$apply$8.apply(TestFramework.scala:202)
	at sbt.TestFramework$$anon$2$$anonfun$$init$$1$$anonfun$apply$8.apply(TestFramework.scala:202)
	at sbt.TestFramework$.sbt$TestFramework$$withContextLoader(TestFramework.scala:185)
	at sbt.TestFramework$$anon$2$$anonfun$$init$$1.apply(TestFramework.scala:202)
	at sbt.TestFramework$$anon$2$$anonfun$$init$$1.apply(TestFramework.scala:202)
	at sbt.TestFunction.apply(TestFramework.scala:207)
	at sbt.Tests$$anonfun$9.apply(Tests.scala:216)
	at sbt.Tests$$anonfun$9.apply(Tests.scala:216)
	at sbt.std.Transform$$anon$3$$anonfun$apply$2.apply(System.scala:44)
	at sbt.std.Transform$$anon$3$$anonfun$apply$2.apply(System.scala:44)
	at sbt.std.Transform$$anon$4.work(System.scala:63)
	at sbt.Execute$$anonfun$submit$1$$anonfun$apply$1.apply(Execute.scala:228)
	at sbt.Execute$$anonfun$submit$1$$anonfun$apply$1.apply(Execute.scala:228)
	at sbt.ErrorHandling$.wideConvert(ErrorHandling.scala:17)
	at sbt.Execute.work(Execute.scala:237)
	at sbt.Execute$$anonfun$submit$1.apply(Execute.scala:228)
	at sbt.Execute$$anonfun$submit$1.apply(Execute.scala:228)
	at sbt.ConcurrentRestrictions$$anon$4$$anonfun$1.apply(ConcurrentRestrictions.scala:159)
	at sbt.CompletionService$$anon$2.call(CompletionService.scala:28)
	at java.util.concurrent.FutureTask.run(FutureTask.java:266)
	at java.util.concurrent.Executors$RunnableAdapter.call(Executors.java:511)
	at java.util.concurrent.FutureTask.run(FutureTask.java:266)
	at java.util.concurrent.ThreadPoolExecutor.runWorker(ThreadPoolExecutor.java:1142)
	at java.util.concurrent.ThreadPoolExecutor$Worker.run(ThreadPoolExecutor.java:617)
	at java.lang.Thread.run(Thread.java:745)
</failure>
                                               </testcase><testcase classname="RoutesSpec" name="Server Routes should return event type stats for GET request to the root events path" time="0.002">
                                                 <failure message="Request was rejected" type="org.scalatest.exceptions.TestFailedException">org.scalatest.exceptions.TestFailedException: Request was rejected
	at akka.http.scaladsl.testkit.TestFrameworkInterface$Scalatest$class.failTest(TestFrameworkInterface.scala:24)
	at RoutesSpec.failTest(RoutesSpec.scala:9)
	at akka.http.scaladsl.testkit.RouteTestResultComponent$RouteTestResult.rawResponse(RouteTestResultComponent.scala:55)
	at akka.http.scaladsl.testkit.RouteTestResultComponent$RouteTestResult.response(RouteTestResultComponent.scala:39)
	at akka.http.scaladsl.testkit.RouteTest$class.response(RouteTest.scala:62)
	at RoutesSpec.response(RoutesSpec.scala:9)
	at akka.http.scaladsl.testkit.RouteTest$class.status(RouteTest.scala:80)
	at RoutesSpec.status(RoutesSpec.scala:9)
	at RoutesSpec$$anonfun$1$$anonfun$apply$mcV$sp$2$$anonfun$apply$2.apply(RoutesSpec.scala:26)
	at RoutesSpec$$anonfun$1$$anonfun$apply$mcV$sp$2$$anonfun$apply$2.apply(RoutesSpec.scala:25)
	at scala.util.DynamicVariable.withValue(DynamicVariable.scala:58)
	at akka.http.scaladsl.testkit.RouteTest$$anonfun$check$1.apply(RouteTest.scala:57)
	at akka.http.scaladsl.testkit.RouteTest$$anonfun$check$1.apply(RouteTest.scala:57)
	at akka.http.scaladsl.testkit.RouteTestResultComponent$RouteTestResult.$tilde$greater(RouteTestResultComponent.scala:50)
	at RoutesSpec$$anonfun$1$$anonfun$apply$mcV$sp$2.apply(RoutesSpec.scala:25)
	at RoutesSpec$$anonfun$1$$anonfun$apply$mcV$sp$2.apply(RoutesSpec.scala:21)
	at org.scalatest.OutcomeOf$class.outcomeOf(OutcomeOf.scala:85)
	at org.scalatest.OutcomeOf$.outcomeOf(OutcomeOf.scala:104)
	at org.scalatest.Transformer.apply(Transformer.scala:22)
	at org.scalatest.Transformer.apply(Transformer.scala:20)
	at org.scalatest.WordSpecLike$$anon$1.apply(WordSpecLike.scala:1078)
	at org.scalatest.TestSuite$class.withFixture(TestSuite.scala:196)
	at org.scalatest.WordSpec.withFixture(WordSpec.scala:1881)
	at org.scalatest.WordSpecLike$class.invokeWithFixture$1(WordSpecLike.scala:1075)
	at org.scalatest.WordSpecLike$$anonfun$runTest$1.apply(WordSpecLike.scala:1088)
	at org.scalatest.WordSpecLike$$anonfun$runTest$1.apply(WordSpecLike.scala:1088)
	at org.scalatest.SuperEngine.runTestImpl(Engine.scala:289)
	at org.scalatest.WordSpecLike$class.runTest(WordSpecLike.scala:1088)
	at org.scalatest.WordSpec.runTest(WordSpec.scala:1881)
	at org.scalatest.WordSpecLike$$anonfun$runTests$1.apply(WordSpecLike.scala:1147)
	at org.scalatest.WordSpecLike$$anonfun$runTests$1.apply(WordSpecLike.scala:1147)
	at org.scalatest.SuperEngine$$anonfun$traverseSubNodes$1$1.apply(Engine.scala:396)
	at org.scalatest.SuperEngine$$anonfun$traverseSubNodes$1$1.apply(Engine.scala:384)
	at scala.collection.immutable.List.foreach(List.scala:381)
	at org.scalatest.SuperEngine.traverseSubNodes$1(Engine.scala:384)
	at org.scalatest.SuperEngine.org$scalatest$SuperEngine$$runTestsInBranch(Engine.scala:373)
	at org.scalatest.SuperEngine$$anonfun$traverseSubNodes$1$1.apply(Engine.scala:410)
	at org.scalatest.SuperEngine$$anonfun$traverseSubNodes$1$1.apply(Engine.scala:384)
	at scala.collection.immutable.List.foreach(List.scala:381)
	at org.scalatest.SuperEngine.traverseSubNodes$1(Engine.scala:384)
	at org.scalatest.SuperEngine.org$scalatest$SuperEngine$$runTestsInBranch(Engine.scala:379)
	at org.scalatest.SuperEngine.runTestsImpl(Engine.scala:461)
	at org.scalatest.WordSpecLike$class.runTests(WordSpecLike.scala:1147)
	at org.scalatest.WordSpec.runTests(WordSpec.scala:1881)
	at org.scalatest.Suite$class.run(Suite.scala:1147)
	at org.scalatest.WordSpec.org$scalatest$WordSpecLike$$super$run(WordSpec.scala:1881)
	at org.scalatest.WordSpecLike$$anonfun$run$1.apply(WordSpecLike.scala:1192)
	at org.scalatest.WordSpecLike$$anonfun$run$1.apply(WordSpecLike.scala:1192)
	at org.scalatest.SuperEngine.runImpl(Engine.scala:521)
	at org.scalatest.WordSpecLike$class.run(WordSpecLike.scala:1192)
	at RoutesSpec.org$scalatest$BeforeAndAfterAll$$super$run(RoutesSpec.scala:9)
	at org.scalatest.BeforeAndAfterAll$class.liftedTree1$1(BeforeAndAfterAll.scala:213)
	at org.scalatest.BeforeAndAfterAll$class.run(BeforeAndAfterAll.scala:210)
	at RoutesSpec.run(RoutesSpec.scala:9)
	at org.scalatest.tools.Framework.org$scalatest$tools$Framework$$runSuite(Framework.scala:314)
	at org.scalatest.tools.Framework$ScalaTestTask.execute(Framework.scala:472)
	at sbt.TestRunner.runTest$1(TestFramework.scala:76)
	at sbt.TestRunner.run(TestFramework.scala:85)
	at sbt.TestFramework$$anon$2$$anonfun$$init$$1$$anonfun$apply$8.apply(TestFramework.scala:202)
	at sbt.TestFramework$$anon$2$$anonfun$$init$$1$$anonfun$apply$8.apply(TestFramework.scala:202)
	at sbt.TestFramework$.sbt$TestFramework$$withContextLoader(TestFramework.scala:185)
	at sbt.TestFramework$$anon$2$$anonfun$$init$$1.apply(TestFramework.scala:202)
	at sbt.TestFramework$$anon$2$$anonfun$$init$$1.apply(TestFramework.scala:202)
	at sbt.TestFunction.apply(TestFramework.scala:207)
	at sbt.Tests$$anonfun$9.apply(Tests.scala:216)
	at sbt.Tests$$anonfun$9.apply(Tests.scala:216)
	at sbt.std.Transform$$anon$3$$anonfun$apply$2.apply(System.scala:44)
	at sbt.std.Transform$$anon$3$$anonfun$apply$2.apply(System.scala:44)
	at sbt.std.Transform$$anon$4.work(System.scala:63)
	at sbt.Execute$$anonfun$submit$1$$anonfun$apply$1.apply(Execute.scala:228)
	at sbt.Execute$$anonfun$submit$1$$anonfun$apply$1.apply(Execute.scala:228)
	at sbt.ErrorHandling$.wideConvert(ErrorHandling.scala:17)
	at sbt.Execute.work(Execute.scala:237)
	at sbt.Execute$$anonfun$submit$1.apply(Execute.scala:228)
	at sbt.Execute$$anonfun$submit$1.apply(Execute.scala:228)
	at sbt.ConcurrentRestrictions$$anon$4$$anonfun$1.apply(ConcurrentRestrictions.scala:159)
	at sbt.CompletionService$$anon$2.call(CompletionService.scala:28)
	at java.util.concurrent.FutureTask.run(FutureTask.java:266)
	at java.util.concurrent.Executors$RunnableAdapter.call(Executors.java:511)
	at java.util.concurrent.FutureTask.run(FutureTask.java:266)
	at java.util.concurrent.ThreadPoolExecutor.runWorker(ThreadPoolExecutor.java:1142)
	at java.util.concurrent.ThreadPoolExecutor$Worker.run(ThreadPoolExecutor.java:617)
	at java.lang.Thread.run(Thread.java:745)
</failure>
                                               </testcase>
                     <system-out></system-out>
                     <system-err></system-err>
                   </testsuite>